<?xml version="1.0" encoding="UTF-8"?>
<!-- Generated by org.testng.reporters.JUnitXMLReporter -->
<testsuite hostname="nbhushan-macOS-2" ignored="0" name="Free CRM App Test Cases" tests="2" failures="0" timestamp="30 Apr 2019 05:36:41 GMT" time="12.485" errors="0">
  <testcase name="loginPageTitleTest" time="0.106" classname="com.crm.qa.testcases.LoginPageTest"/>
  <testcase name="loginTest" time="5.161" classname="com.crm.qa.testcases.LoginPageTest"/>
</testsuite> <!-- Free CRM App Test Cases -->
