<?xml version="1.0" encoding="UTF-8"?>
<testng-results skipped="0" failed="0" ignored="0" total="2" passed="2">
  <reporter-output>
  </reporter-output>
  <suite name="FREE CRM Application Test Automation Test Suite" duration-ms="12485" started-at="2019-04-30T05:36:29Z" finished-at="2019-04-30T05:36:41Z">
    <groups>
    </groups>
    <test name="Free CRM App Test Cases" duration-ms="12485" started-at="2019-04-30T05:36:29Z" finished-at="2019-04-30T05:36:41Z">
      <class name="com.crm.qa.testcases.LoginPageTest">
        <test-method status="PASS" signature="setUp()[pri:0, instance:com.crm.qa.testcases.LoginPageTest@1ce92674]" name="setUp" is-config="true" duration-ms="3877" started-at="2019-04-30T11:06:29Z" finished-at="2019-04-30T11:06:33Z">
          <reporter-output>
          </reporter-output>
        </test-method> <!-- setUp -->
        <test-method status="PASS" signature="loginPageTitleTest()[pri:1, instance:com.crm.qa.testcases.LoginPageTest@1ce92674]" name="loginPageTitleTest" duration-ms="106" started-at="2019-04-30T11:06:33Z" finished-at="2019-04-30T11:06:33Z">
          <reporter-output>
          </reporter-output>
        </test-method> <!-- loginPageTitleTest -->
        <test-method status="PASS" signature="tearDown()[pri:0, instance:com.crm.qa.testcases.LoginPageTest@1ce92674]" name="tearDown" is-config="true" duration-ms="92" started-at="2019-04-30T11:06:33Z" finished-at="2019-04-30T11:06:33Z">
          <reporter-output>
          </reporter-output>
        </test-method> <!-- tearDown -->
        <test-method status="PASS" signature="setUp()[pri:0, instance:com.crm.qa.testcases.LoginPageTest@1ce92674]" name="setUp" is-config="true" duration-ms="3134" started-at="2019-04-30T11:06:33Z" finished-at="2019-04-30T11:06:36Z">
          <reporter-output>
          </reporter-output>
        </test-method> <!-- setUp -->
        <test-method status="PASS" signature="loginTest()[pri:2, instance:com.crm.qa.testcases.LoginPageTest@1ce92674]" name="loginTest" duration-ms="5161" started-at="2019-04-30T11:06:36Z" finished-at="2019-04-30T11:06:41Z">
          <reporter-output>
          </reporter-output>
        </test-method> <!-- loginTest -->
        <test-method status="PASS" signature="tearDown()[pri:0, instance:com.crm.qa.testcases.LoginPageTest@1ce92674]" name="tearDown" is-config="true" duration-ms="97" started-at="2019-04-30T11:06:41Z" finished-at="2019-04-30T11:06:41Z">
          <reporter-output>
          </reporter-output>
        </test-method> <!-- tearDown -->
      </class> <!-- com.crm.qa.testcases.LoginPageTest -->
    </test> <!-- Free CRM App Test Cases -->
  </suite> <!-- FREE CRM Application Test Automation Test Suite -->
</testng-results>
